2025-08-18 13:38:15,729 DEBUG    root            Loaded Command Group: ['gcloud', 'components']
2025-08-18 13:38:15,731 DEBUG    root            Loaded Command Group: ['gcloud', 'components', 'update']
2025-08-18 13:38:15,733 DEBUG    root            Running [gcloud.components.update] with arguments: [--quiet: "True", COMPONENT-IDS:8: "['gcloud', 'core', 'bq', 'gsutil', 'compute', 'preview', 'alpha', 'beta']"]
2025-08-18 13:38:15,734 INFO     ___FILE_ONLY___ Beginning update. This process may take several minutes.

2025-08-18 13:38:15,742 DEBUG    urllib3.connectionpool Starting new HTTPS connection (1): dl.google.com:443
2025-08-18 13:38:15,754 DEBUG    urllib3.connectionpool https://dl.google.com:443 "GET /dl/cloudsdk/channels/rapid/components-2.json HTTP/11" 200 233150
2025-08-18 13:38:15,766 WARNING  root            Component [compute] no longer exists.
2025-08-18 13:38:15,767 INFO     ___FILE_ONLY___ 

2025-08-18 13:38:15,767 INFO     ___FILE_ONLY___ 
Your current Google Cloud CLI version is: 534.0.0

2025-08-18 13:38:15,767 INFO     ___FILE_ONLY___ Installing components from version: 534.0.0

2025-08-18 13:38:15,767 INFO     ___FILE_ONLY___ 

2025-08-18 13:38:15,767 DEBUG    root            Chosen display Format:table[box,title="These components will be removed."](details.display_name:label=Name:align=left,version.version_string:label=Version:align=right,data.size.size(zero="",min=1048576):label=Size:align=right)
2025-08-18 13:38:15,768 DEBUG    root            Chosen display Format:table[box,title="These components will be updated."](details.display_name:label=Name:align=left,version.version_string:label=Version:align=right,data.size.size(zero="",min=1048576):label=Size:align=right)
2025-08-18 13:38:15,768 DEBUG    root            Chosen display Format:table[box,title="These components will be installed."](details.display_name:label=Name:align=left,version.version_string:label=Version:align=right,data.size.size(zero="",min=1048576):label=Size:align=right)
2025-08-18 13:38:15,783 INFO     ___FILE_ONLY___ ┌────────────────────────────────────────────────┐
2025-08-18 13:38:15,783 INFO     ___FILE_ONLY___ 

2025-08-18 13:38:15,783 INFO     ___FILE_ONLY___ │      These components will be installed.       │
2025-08-18 13:38:15,783 INFO     ___FILE_ONLY___ 

2025-08-18 13:38:15,783 INFO     ___FILE_ONLY___ ├─────────────────────────┬────────────┬─────────┤
2025-08-18 13:38:15,783 INFO     ___FILE_ONLY___ 

2025-08-18 13:38:15,783 INFO     ___FILE_ONLY___ │           Name          │  Version   │   Size  │
2025-08-18 13:38:15,783 INFO     ___FILE_ONLY___ 

2025-08-18 13:38:15,783 INFO     ___FILE_ONLY___ ├─────────────────────────┼────────────┼─────────┤
2025-08-18 13:38:15,784 INFO     ___FILE_ONLY___ 

2025-08-18 13:38:15,784 INFO     ___FILE_ONLY___ │ 
2025-08-18 13:38:15,784 INFO     ___FILE_ONLY___ gcloud Alpha Commands  
2025-08-18 13:38:15,784 INFO     ___FILE_ONLY___  
2025-08-18 13:38:15,784 INFO     ___FILE_ONLY___ │ 
2025-08-18 13:38:15,784 INFO     ___FILE_ONLY___ 2025.08.08
2025-08-18 13:38:15,784 INFO     ___FILE_ONLY___  
2025-08-18 13:38:15,784 INFO     ___FILE_ONLY___ │ 
2025-08-18 13:38:15,784 INFO     ___FILE_ONLY___ < 1 MiB
2025-08-18 13:38:15,784 INFO     ___FILE_ONLY___  
2025-08-18 13:38:15,784 INFO     ___FILE_ONLY___ │
2025-08-18 13:38:15,784 INFO     ___FILE_ONLY___ 

2025-08-18 13:38:15,784 INFO     ___FILE_ONLY___ │ 
2025-08-18 13:38:15,784 INFO     ___FILE_ONLY___ gcloud Beta Commands   
2025-08-18 13:38:15,784 INFO     ___FILE_ONLY___  
2025-08-18 13:38:15,784 INFO     ___FILE_ONLY___ │ 
2025-08-18 13:38:15,784 INFO     ___FILE_ONLY___ 2025.08.08
2025-08-18 13:38:15,784 INFO     ___FILE_ONLY___  
2025-08-18 13:38:15,784 INFO     ___FILE_ONLY___ │ 
2025-08-18 13:38:15,784 INFO     ___FILE_ONLY___ < 1 MiB
2025-08-18 13:38:15,785 INFO     ___FILE_ONLY___  
2025-08-18 13:38:15,785 INFO     ___FILE_ONLY___ │
2025-08-18 13:38:15,785 INFO     ___FILE_ONLY___ 

2025-08-18 13:38:15,785 INFO     ___FILE_ONLY___ │ 
2025-08-18 13:38:15,785 INFO     ___FILE_ONLY___ gcloud Preview Commands
2025-08-18 13:38:15,785 INFO     ___FILE_ONLY___  
2025-08-18 13:38:15,785 INFO     ___FILE_ONLY___ │ 
2025-08-18 13:38:15,785 INFO     ___FILE_ONLY___           
2025-08-18 13:38:15,785 INFO     ___FILE_ONLY___  
2025-08-18 13:38:15,785 INFO     ___FILE_ONLY___ │ 
2025-08-18 13:38:15,785 INFO     ___FILE_ONLY___ < 1 MiB
2025-08-18 13:38:15,785 INFO     ___FILE_ONLY___  
2025-08-18 13:38:15,785 INFO     ___FILE_ONLY___ │
2025-08-18 13:38:15,785 INFO     ___FILE_ONLY___ 

2025-08-18 13:38:15,785 INFO     ___FILE_ONLY___ └─────────────────────────┴────────────┴─────────┘
2025-08-18 13:38:15,785 INFO     ___FILE_ONLY___ 

2025-08-18 13:38:15,785 INFO     ___FILE_ONLY___ 

2025-08-18 13:38:15,788 DEBUG    urllib3.connectionpool Starting new HTTPS connection (1): dl.google.com:443
2025-08-18 13:38:15,806 DEBUG    urllib3.connectionpool https://dl.google.com:443 "GET /dl/cloudsdk/channels/rapid/RELEASE_NOTES HTTP/11" 200 1464830
2025-08-18 13:38:16,305 INFO     ___FILE_ONLY___ For the latest full release notes, please visit:
  https://cloud.google.com/sdk/release_notes


2025-08-18 13:38:16,305 INFO     ___FILE_ONLY___ Performing in place update...


2025-08-18 13:38:16,307 INFO     ___FILE_ONLY___ ╔════════════════════════════════════════════════════════════╗

2025-08-18 13:38:16,307 INFO     ___FILE_ONLY___ ╠═ Downloading: gcloud Alpha Commands                       ═╣

2025-08-18 13:38:16,307 INFO     ___FILE_ONLY___ ╚
2025-08-18 13:38:16,310 DEBUG    urllib3.connectionpool Starting new HTTPS connection (1): dl.google.com:443
2025-08-18 13:38:16,363 DEBUG    urllib3.connectionpool https://dl.google.com:443 "GET /dl/cloudsdk/channels/rapid/components/google-cloud-sdk-alpha-20250808155822.tar.gz HTTP/11" 200 800
2025-08-18 13:38:16,364 INFO     ___FILE_ONLY___ ════════════════════════════════════════════════════════════
2025-08-18 13:38:16,364 INFO     ___FILE_ONLY___ ╝

2025-08-18 13:38:16,366 INFO     ___FILE_ONLY___ ╔════════════════════════════════════════════════════════════╗

2025-08-18 13:38:16,366 INFO     ___FILE_ONLY___ ╠═ Downloading: gcloud Beta Commands                        ═╣

2025-08-18 13:38:16,366 INFO     ___FILE_ONLY___ ╚
2025-08-18 13:38:16,369 DEBUG    urllib3.connectionpool Starting new HTTPS connection (1): dl.google.com:443
2025-08-18 13:38:16,381 DEBUG    urllib3.connectionpool https://dl.google.com:443 "GET /dl/cloudsdk/channels/rapid/components/google-cloud-sdk-beta-20250808155822.tar.gz HTTP/11" 200 797
2025-08-18 13:38:16,381 INFO     ___FILE_ONLY___ ════════════════════════════════════════════════════════════
2025-08-18 13:38:16,382 INFO     ___FILE_ONLY___ ╝

2025-08-18 13:38:16,383 INFO     ___FILE_ONLY___ ╔════════════════════════════════════════════════════════════╗

2025-08-18 13:38:16,383 INFO     ___FILE_ONLY___ ╠═ Downloading: gcloud Preview Commands                     ═╣

2025-08-18 13:38:16,383 INFO     ___FILE_ONLY___ ╚
2025-08-18 13:38:16,386 DEBUG    urllib3.connectionpool Starting new HTTPS connection (1): dl.google.com:443
2025-08-18 13:38:16,437 DEBUG    urllib3.connectionpool https://dl.google.com:443 "GET /dl/cloudsdk/channels/rapid/components/google-cloud-sdk-preview-20241115154308.tar.gz HTTP/11" 200 823
2025-08-18 13:38:16,437 INFO     ___FILE_ONLY___ ════════════════════════════════════════════════════════════
2025-08-18 13:38:16,437 INFO     ___FILE_ONLY___ ╝

2025-08-18 13:38:16,439 INFO     ___FILE_ONLY___ ╔════════════════════════════════════════════════════════════╗

2025-08-18 13:38:16,439 INFO     ___FILE_ONLY___ ╠═ Installing: gcloud Alpha Commands                        ═╣

2025-08-18 13:38:16,439 INFO     ___FILE_ONLY___ ╚
2025-08-18 13:38:16,440 INFO     ___FILE_ONLY___ ════════════════════════════════════════════════════════════
2025-08-18 13:38:16,440 INFO     ___FILE_ONLY___ ╝

2025-08-18 13:38:16,445 INFO     ___FILE_ONLY___ ╔════════════════════════════════════════════════════════════╗

2025-08-18 13:38:16,445 INFO     ___FILE_ONLY___ ╠═ Installing: gcloud Beta Commands                         ═╣

2025-08-18 13:38:16,445 INFO     ___FILE_ONLY___ ╚
2025-08-18 13:38:16,446 INFO     ___FILE_ONLY___ ════════════════════════════════════════════════════════════
2025-08-18 13:38:16,446 INFO     ___FILE_ONLY___ ╝

2025-08-18 13:38:16,450 INFO     ___FILE_ONLY___ ╔════════════════════════════════════════════════════════════╗

2025-08-18 13:38:16,450 INFO     ___FILE_ONLY___ ╠═ Installing: gcloud Preview Commands                      ═╣

2025-08-18 13:38:16,450 INFO     ___FILE_ONLY___ ╚
2025-08-18 13:38:16,451 INFO     ___FILE_ONLY___ ════════════════════════════════════════════════════════════
2025-08-18 13:38:16,451 INFO     ___FILE_ONLY___ ╝

2025-08-18 13:38:16,456 DEBUG    root            Updating notification cache...
2025-08-18 13:38:16,456 INFO     ___FILE_ONLY___ 

2025-08-18 13:38:16,457 INFO     ___FILE_ONLY___ Performing post processing steps...
2025-08-18 13:38:16,458 DEBUG    root            Executing command: ['/tools/google-cloud-sdk/bin/gcloud', 'components', 'post-process']
2025-08-18 13:38:24,652 DEBUG    ___FILE_ONLY___ 
2025-08-18 13:38:24,653 DEBUG    ___FILE_ONLY___ 
2025-08-18 13:38:24,729 INFO     root            descriptor_list: [{'universeDomain': 'googleapis.com', 'universeShortName': '', 'authenticationDomain': 'auth.cloud.google.com', 'projectPrefix': '', 'cloudWebDomain': 'cloud.google.com', 'documentationDomain': 'cloud.google.com', 'version': '1.0.0', 'state': 'primary', 'artifactRegistryDomain': 'pkg.dev'}]
2025-08-18 13:38:24,730 INFO     ___FILE_ONLY___ 
Update done!


2025-08-18 13:38:24,732 DEBUG    root            Chosen display Format:none
2025-08-18 13:38:24,733 INFO     root            Display format: "none"
